[2023-12-10 11:10:41.421] [global] [info] [download_tool.hh:32] Failed to create download for tool  with error 'direnv' has no matching download for current os/cpu @ version:2.32.3
[2023-12-10 11:10:41.422] [global] [info] [service.cc:115] Notifications config has not changed
[2023-12-10 11:10:44.136] [global] [info] [grpc.cc:29] TX:virtual grpc::Status trunk::cli::UpgradeService::GetAvailableUpgrades(grpc::ServerContext *, const upgrade::proto::v1::GetAvailableUpgradesRequest *, grpc::ServerWriter<upgrade::proto::v1::GetAvailableUpgradesResponse> *) status=OK
[2023-12-10 12:10:39.681] [global] [info] [runner.cc:136] Executing action trunk-upgrade-available.schedule.1h
[2023-12-10 12:10:39.904] [global] [info] [grpc.cc:24] RX:virtual grpc::Status trunk::cli::UpgradeService::GetAvailableUpgrades(grpc::ServerContext *, const upgrade::proto::v1::GetAvailableUpgradesRequest *, grpc::ServerWriter<upgrade::proto::v1::GetAvailableUpgradesResponse> *)
[2023-12-10 12:10:39.906] [global] [info] [cli_upgrade.cc:86] Checking for latest trunk prod version...
[2023-12-10 12:10:39.907] [global] [info] [plugin_upgrade.cc:71] Querying latest version for plugin trunk
[2023-12-10 12:10:40.130] [global] [info] [linter.cc:1633] Found config in plugin repo at C:\Users\Usuario\AppData\Local\trunk\plugins\https---github-com-trunk-io-plugins\v1.4.0-4ebadccd80b22638\linters\flake8\.flake8
[2023-12-10 12:10:40.130] [global] [info] [linter.cc:1633] Found config in plugin repo at C:\Users\Usuario\AppData\Local\trunk\plugins\https---github-com-trunk-io-plugins\v1.4.0-4ebadccd80b22638\linters\cspell\cspell.yaml
[2023-12-10 12:10:40.130] [global] [info] [linter.cc:1633] Found config in plugin repo at C:\Users\Usuario\AppData\Local\trunk\plugins\https---github-com-trunk-io-plugins\v1.4.0-4ebadccd80b22638\linters\djlint\.djlintrc
[2023-12-10 12:10:40.130] [global] [info] [linter.cc:1633] Found config in plugin repo at C:\Users\Usuario\AppData\Local\trunk\plugins\https---github-com-trunk-io-plugins\v1.4.0-4ebadccd80b22638\linters\djlint\.djlintrc
[2023-12-10 12:10:40.628] [global] [info] [cli_upgrade.cc:93] Successfully fetched latest trunk 1.18.0 version: prod
[2023-12-10 12:10:41.127] [global] [info] [release.cc:139] Retrieved 7 linter-version pairs from ReleaseVersionService
[2023-12-10 12:10:45.983] [global] [info] [grpc.cc:29] TX:virtual grpc::Status trunk::cli::UpgradeService::GetAvailableUpgrades(grpc::ServerContext *, const upgrade::proto::v1::GetAvailableUpgradesRequest *, grpc::ServerWriter<upgrade::proto::v1::GetAvailableUpgradesResponse> *) status=OK
[2023-12-10 13:10:39.681] [global] [info] [runner.cc:136] Executing action trunk-upgrade-available.schedule.1h
[2023-12-10 13:10:39.940] [global] [info] [grpc.cc:24] RX:virtual grpc::Status trunk::cli::UpgradeService::GetAvailableUpgrades(grpc::ServerContext *, const upgrade::proto::v1::GetAvailableUpgradesRequest *, grpc::ServerWriter<upgrade::proto::v1::GetAvailableUpgradesResponse> *)
[2023-12-10 13:10:39.942] [global] [info] [cli_upgrade.cc:86] Checking for latest trunk prod version...
[2023-12-10 13:10:39.943] [global] [info] [plugin_upgrade.cc:71] Querying latest version for plugin trunk
[2023-12-10 13:10:40.153] [global] [info] [linter.cc:1633] Found config in plugin repo at C:\Users\Usuario\AppData\Local\trunk\plugins\https---github-com-trunk-io-plugins\v1.4.0-4ebadccd80b22638\linters\cspell\cspell.yaml
[2023-12-10 13:10:40.153] [global] [info] [linter.cc:1633] Found config in plugin repo at C:\Users\Usuario\AppData\Local\trunk\plugins\https---github-com-trunk-io-plugins\v1.4.0-4ebadccd80b22638\linters\flake8\.flake8
[2023-12-10 13:10:40.153] [global] [info] [linter.cc:1633] Found config in plugin repo at C:\Users\Usuario\AppData\Local\trunk\plugins\https---github-com-trunk-io-plugins\v1.4.0-4ebadccd80b22638\linters\djlint\.djlintrc
[2023-12-10 13:10:40.154] [global] [info] [linter.cc:1633] Found config in plugin repo at C:\Users\Usuario\AppData\Local\trunk\plugins\https---github-com-trunk-io-plugins\v1.4.0-4ebadccd80b22638\linters\djlint\.djlintrc
[2023-12-10 13:10:40.682] [global] [info] [cli_upgrade.cc:93] Successfully fetched latest trunk 1.18.0 version: prod
[2023-12-10 13:10:41.283] [global] [info] [release.cc:139] Retrieved 7 linter-version pairs from ReleaseVersionService
[2023-12-10 13:10:45.603] [global] [info] [grpc.cc:29] TX:virtual grpc::Status trunk::cli::UpgradeService::GetAvailableUpgrades(grpc::ServerContext *, const upgrade::proto::v1::GetAvailableUpgradesRequest *, grpc::ServerWriter<upgrade::proto::v1::GetAvailableUpgradesResponse> *) status=OK
[2023-12-10 13:12:05.573] [global] [info] [cache.cc:890] [monitor] [bandit:lint:to_do\views.py:HEAD] is cacheable, but can not be found, running linter
[2023-12-10 13:12:05.576] [global] [info] [cache.cc:890] [monitor] [black:format:to_do\views.py:HEAD] is cacheable, but can not be found, running linter
[2023-12-10 14:10:39.681] [global] [info] [runner.cc:136] Executing action trunk-upgrade-available.schedule.1h
[2023-12-10 14:10:39.931] [global] [info] [grpc.cc:24] RX:virtual grpc::Status trunk::cli::UpgradeService::GetAvailableUpgrades(grpc::ServerContext *, const upgrade::proto::v1::GetAvailableUpgradesRequest *, grpc::ServerWriter<upgrade::proto::v1::GetAvailableUpgradesResponse> *)
[2023-12-10 14:10:39.932] [global] [info] [cli_upgrade.cc:86] Checking for latest trunk prod version...
[2023-12-10 14:10:39.934] [global] [info] [plugin_upgrade.cc:71] Querying latest version for plugin trunk
[2023-12-10 14:10:40.139] [global] [info] [linter.cc:1633] Found config in plugin repo at C:\Users\Usuario\AppData\Local\trunk\plugins\https---github-com-trunk-io-plugins\v1.4.0-4ebadccd80b22638\linters\djlint\.djlintrc
[2023-12-10 14:10:40.139] [global] [info] [linter.cc:1633] Found config in plugin repo at C:\Users\Usuario\AppData\Local\trunk\plugins\https---github-com-trunk-io-plugins\v1.4.0-4ebadccd80b22638\linters\djlint\.djlintrc
[2023-12-10 14:10:40.140] [global] [info] [linter.cc:1633] Found config in plugin repo at C:\Users\Usuario\AppData\Local\trunk\plugins\https---github-com-trunk-io-plugins\v1.4.0-4ebadccd80b22638\linters\cspell\cspell.yaml
[2023-12-10 14:10:40.140] [global] [info] [linter.cc:1633] Found config in plugin repo at C:\Users\Usuario\AppData\Local\trunk\plugins\https---github-com-trunk-io-plugins\v1.4.0-4ebadccd80b22638\linters\flake8\.flake8
[2023-12-10 14:10:40.551] [global] [info] [cli_upgrade.cc:93] Successfully fetched latest trunk 1.18.0 version: prod
[2023-12-10 14:10:41.133] [global] [info] [release.cc:139] Retrieved 7 linter-version pairs from ReleaseVersionService
[2023-12-10 14:10:43.829] [global] [info] [grpc.cc:29] TX:virtual grpc::Status trunk::cli::UpgradeService::GetAvailableUpgrades(grpc::ServerContext *, const upgrade::proto::v1::GetAvailableUpgradesRequest *, grpc::ServerWriter<upgrade::proto::v1::GetAvailableUpgradesResponse> *) status=OK
[2023-12-10 16:22:11.446] [global] [info] [run.cc:533] Ran command: 'daemon launch' LogLevel:error
[2023-12-10 16:22:11.640] [global] [info] [runner.cc:33] Created Action Runner
[2023-12-10 16:22:11.640] [global] [info] [runner.cc:105] Commenced Action Loop
[2023-12-10 16:22:11.642] [global] [info] [runner.cc:136] Executing action trunk-upgrade-available.schedule.1h
[2023-12-10 16:22:11.642] [global] [info] [runner.cc:136] Executing action trunk-cache-prune.schedule.24h
[2023-12-10 16:22:11.643] [global] [info] [runner.cc:136] Executing action trunk-share-with-everyone.schedule.24h
[2023-12-10 16:22:11.661] [global] [info] [server.cc:51] Starting daemon 1.18.0. LogLevel:2
[2023-12-10 16:22:11.697] [global] [info] [service.cc:146] [user-agent=lsp-proxy sid=n/a] RX:virtual grpc::Status trunk::cli::lint::Service::Start(grpc::ServerContext *, const proto::v1::StartRequest *, proto::v1::StartResponse *)
[2023-12-10 16:22:11.816] [global] [info] [session_context.cc:138] Making commit info with id: 8273fd3c947d637a7c0bce7ed646ecaea463c59f
[2023-12-10 16:22:11.981] [global] [info] [link.cc:98] Failed to create symlink, falling back to junctions and hard links
[2023-12-10 16:22:12.049] [global] [info] [service.cc:214] [user-agent=lsp-proxy sid=n/a] lint session created sid=1 with the following options:
cache_enabled: true
num_jobs: 8
session_type: SESSION_TYPE_LSP
client_id: "lsp-proxy"
scope: SESSION_SCOPE_ALL

[2023-12-10 16:22:12.049] [global] [info] [service.cc:146] [user-agent=lsp-proxy sid=n/a] TX:virtual grpc::Status trunk::cli::lint::Service::Start(grpc::ServerContext *, const proto::v1::StartRequest *, proto::v1::StartResponse *) status=OK
[2023-12-10 16:22:12.050] [global] [info] [service.cc:146] [user-agent=lsp-proxy sid=n/a] RX:virtual grpc::Status trunk::cli::lint::Service::Start(grpc::ServerContext *, const proto::v1::StartRequest *, proto::v1::StartResponse *)
[2023-12-10 16:22:12.100] [global] [info] [session_context.cc:138] Making commit info with id: 8273fd3c947d637a7c0bce7ed646ecaea463c59f
[2023-12-10 16:22:12.112] [global] [info] [service.cc:214] [user-agent=lsp-proxy sid=n/a] lint session created sid=2 with the following options:
cache_enabled: true
num_jobs: 8
session_type: SESSION_TYPE_LSP
client_id: "lsp-proxy"
scope: SESSION_SCOPE_ALL

[2023-12-10 16:22:12.112] [global] [info] [service.cc:146] [user-agent=lsp-proxy sid=n/a] TX:virtual grpc::Status trunk::cli::lint::Service::Start(grpc::ServerContext *, const proto::v1::StartRequest *, proto::v1::StartResponse *) status=OK
[2023-12-10 16:22:12.219] [global] [info] [grpc.cc:24] RX:virtual grpc::Status trunk::cli::UpgradeService::GetAvailableUpgrades(grpc::ServerContext *, const upgrade::proto::v1::GetAvailableUpgradesRequest *, grpc::ServerWriter<upgrade::proto::v1::GetAvailableUpgradesResponse> *)
[2023-12-10 16:22:12.222] [global] [info] [cli_upgrade.cc:86] Checking for latest trunk prod version...
[2023-12-10 16:22:12.223] [global] [info] [plugin_upgrade.cc:71] Querying latest version for plugin trunk
[2023-12-10 16:22:12.788] [global] [info] [linter.cc:1633] Found config in plugin repo at C:\Users\Usuario\AppData\Local\trunk\plugins\https---github-com-trunk-io-plugins\v1.4.0-4ebadccd80b22638\linters\flake8\.flake8
[2023-12-10 16:22:12.790] [global] [info] [linter.cc:1633] Found config in plugin repo at C:\Users\Usuario\AppData\Local\trunk\plugins\https---github-com-trunk-io-plugins\v1.4.0-4ebadccd80b22638\linters\cspell\cspell.yaml
[2023-12-10 16:22:12.792] [global] [info] [linter.cc:1633] Found config in plugin repo at C:\Users\Usuario\AppData\Local\trunk\plugins\https---github-com-trunk-io-plugins\v1.4.0-4ebadccd80b22638\linters\djlint\.djlintrc
[2023-12-10 16:22:12.793] [global] [info] [linter.cc:1633] Found config in plugin repo at C:\Users\Usuario\AppData\Local\trunk\plugins\https---github-com-trunk-io-plugins\v1.4.0-4ebadccd80b22638\linters\djlint\.djlintrc
[2023-12-10 16:22:12.913] [global] [info] [cli_upgrade.cc:93] Successfully fetched latest trunk 1.18.0 version: prod
[2023-12-10 16:22:13.688] [global] [info] [service.cc:146] [user-agent=lsp-proxy sid=n/a] RX:virtual grpc::Status trunk::cli::lint::Service::Start(grpc::ServerContext *, const proto::v1::StartRequest *, proto::v1::StartResponse *)
[2023-12-10 16:22:13.717] [global] [info] [session_context.cc:138] Making commit info with id: 8273fd3c947d637a7c0bce7ed646ecaea463c59f
[2023-12-10 16:22:13.724] [global] [info] [service.cc:214] [user-agent=lsp-proxy sid=n/a] lint session created sid=3 with the following options:
cache_enabled: true
num_jobs: 8
session_type: SESSION_TYPE_LSP
client_id: "lsp-proxy"
scope: SESSION_SCOPE_ALL

[2023-12-10 16:22:13.724] [global] [info] [service.cc:146] [user-agent=lsp-proxy sid=n/a] TX:virtual grpc::Status trunk::cli::lint::Service::Start(grpc::ServerContext *, const proto::v1::StartRequest *, proto::v1::StartResponse *) status=OK
[2023-12-10 16:22:13.725] [global] [info] [grpc.cc:24] RX:virtual grpc::Status trunk::cli::actions::Service::GetNotificationsStream(grpc::ServerContext *, const proto::v1::GetNotificationsStreamRequest *, grpc::ServerWriter<proto::v1::GetNotificationsStreamResponse> *)
[2023-12-10 16:22:13.725] [global] [info] [service.cc:146] [user-agent=lsp-proxy sid=n/a] RX:virtual grpc::Status trunk::cli::lint::Service::Start(grpc::ServerContext *, const proto::v1::StartRequest *, proto::v1::StartResponse *)
[2023-12-10 16:22:13.726] [global] [info] [notification_manager.cc:84] Reading from D:\documentos\Desarrollo\Django\django_htmx\.trunk\notifications\trunk-share-with-everyone.yaml
[2023-12-10 16:22:13.733] [global] [info] [service.cc:159] Writing notification state to file
[2023-12-10 16:22:13.758] [global] [info] [session_context.cc:138] Making commit info with id: 8273fd3c947d637a7c0bce7ed646ecaea463c59f
[2023-12-10 16:22:13.765] [global] [info] [service.cc:214] [user-agent=lsp-proxy sid=n/a] lint session created sid=4 with the following options:
cache_enabled: true
num_jobs: 8
session_type: SESSION_TYPE_LSP
client_id: "lsp-proxy"
scope: SESSION_SCOPE_ALL

[2023-12-10 16:22:13.765] [global] [info] [service.cc:146] [user-agent=lsp-proxy sid=n/a] TX:virtual grpc::Status trunk::cli::lint::Service::Start(grpc::ServerContext *, const proto::v1::StartRequest *, proto::v1::StartResponse *) status=OK
[2023-12-10 16:22:13.765] [global] [info] [service.cc:146] [user-agent=lsp-proxy sid=n/a] RX:virtual grpc::Status trunk::cli::lint::Service::Start(grpc::ServerContext *, const proto::v1::StartRequest *, proto::v1::StartResponse *)
[2023-12-10 16:22:13.775] [global] [info] [release.cc:139] Retrieved 7 linter-version pairs from ReleaseVersionService
[2023-12-10 16:22:13.796] [global] [info] [session_context.cc:138] Making commit info with id: 8273fd3c947d637a7c0bce7ed646ecaea463c59f
[2023-12-10 16:22:13.803] [global] [info] [service.cc:214] [user-agent=lsp-proxy sid=n/a] lint session created sid=5 with the following options:
cache_enabled: true
num_jobs: 8
session_type: SESSION_TYPE_LSP
client_id: "lsp-proxy"
scope: SESSION_SCOPE_ALL

[2023-12-10 16:22:13.803] [global] [info] [service.cc:146] [user-agent=lsp-proxy sid=n/a] TX:virtual grpc::Status trunk::cli::lint::Service::Start(grpc::ServerContext *, const proto::v1::StartRequest *, proto::v1::StartResponse *) status=OK
[2023-12-10 16:22:13.803] [global] [info] [service.cc:391] [user-agent=lsp-proxy sid=n/a] RX:virtual grpc::Status trunk::cli::lint::Service::GetChangedFiles(grpc::ServerContext *, const proto::v1::GetChangedFilesRequest *, proto::v1::GetChangedFilesResponse *)
[2023-12-10 16:22:13.830] [global] [info] [session_context.cc:138] Making commit info with id: 8273fd3c947d637a7c0bce7ed646ecaea463c59f
[2023-12-10 16:22:13.840] [global] [info] [sentry.cc:362] Trunk user error full stack:
trunk_cli_version: 1.18.0
title: Something went wrong (but it doesn't appear to be our fault)
report:
  - Can not detect upstream commit
[2023-12-10 16:22:13.840] [global] [info] [service.cc:391] [user-agent=lsp-proxy sid=n/a] TX:virtual grpc::Status trunk::cli::lint::Service::GetChangedFiles(grpc::ServerContext *, const proto::v1::GetChangedFilesRequest *, proto::v1::GetChangedFilesResponse *) status=INTERNAL err='Can not detect upstream commit'
[2023-12-10 16:22:13.843] [global] [info] [service.cc:225] lint session ended sid=4
[2023-12-10 16:22:13.843] [global] [info] [service.cc:227] [user-agent=lsp-proxy sid=4] RX:virtual grpc::Status trunk::cli::lint::Service::End(grpc::ServerContext *, const proto::v1::EndRequest *, proto::v1::EndResponse *)
[2023-12-10 16:22:13.843] [global] [info] [service.cc:225] lint session ended sid=5
[2023-12-10 16:22:13.843] [global] [info] [service.cc:227] [user-agent=lsp-proxy sid=5] RX:virtual grpc::Status trunk::cli::lint::Service::End(grpc::ServerContext *, const proto::v1::EndRequest *, proto::v1::EndResponse *)
[2023-12-10 16:22:13.843] [global] [info] [service.cc:225] lint session ended sid=3
[2023-12-10 16:22:13.843] [global] [info] [service.cc:227] [user-agent=lsp-proxy sid=3] RX:virtual grpc::Status trunk::cli::lint::Service::End(grpc::ServerContext *, const proto::v1::EndRequest *, proto::v1::EndResponse *)
[2023-12-10 16:22:13.844] [global] [info] [service.cc:227] [user-agent=lsp-proxy sid=4] TX:virtual grpc::Status trunk::cli::lint::Service::End(grpc::ServerContext *, const proto::v1::EndRequest *, proto::v1::EndResponse *) status=OK
[2023-12-10 16:22:13.844] [global] [info] [service.cc:294] [user-agent=lsp-proxy sid=n/a] RX:virtual grpc::Status trunk::cli::lint::Service::End(grpc::ServerContext *, const proto::v1::EndRequest *, proto::v1::EndResponse *)
[2023-12-10 16:22:13.844] [global] [info] [service.cc:227] [user-agent=lsp-proxy sid=5] TX:virtual grpc::Status trunk::cli::lint::Service::End(grpc::ServerContext *, const proto::v1::EndRequest *, proto::v1::EndResponse *) status=OK
[2023-12-10 16:22:13.844] [global] [info] [service.cc:294] [user-agent=lsp-proxy sid=n/a] RX:virtual grpc::Status trunk::cli::lint::Service::End(grpc::ServerContext *, const proto::v1::EndRequest *, proto::v1::EndResponse *)
[2023-12-10 16:22:13.845] [global] [info] [service.cc:294] [user-agent=lsp-proxy sid=n/a] TX:virtual grpc::Status trunk::cli::lint::Service::End(grpc::ServerContext *, const proto::v1::EndRequest *, proto::v1::EndResponse *) status=OK
[2023-12-10 16:22:13.845] [global] [info] [service.cc:227] [user-agent=lsp-proxy sid=3] TX:virtual grpc::Status trunk::cli::lint::Service::End(grpc::ServerContext *, const proto::v1::EndRequest *, proto::v1::EndResponse *) status=OK
[2023-12-10 16:22:13.845] [global] [info] [service.cc:294] [user-agent=lsp-proxy sid=n/a] RX:virtual grpc::Status trunk::cli::lint::Service::End(grpc::ServerContext *, const proto::v1::EndRequest *, proto::v1::EndResponse *)
[2023-12-10 16:22:13.846] [global] [info] [service.cc:294] [user-agent=lsp-proxy sid=n/a] TX:virtual grpc::Status trunk::cli::lint::Service::End(grpc::ServerContext *, const proto::v1::EndRequest *, proto::v1::EndResponse *) status=OK
[2023-12-10 16:22:13.847] [global] [info] [service.cc:294] [user-agent=lsp-proxy sid=n/a] TX:virtual grpc::Status trunk::cli::lint::Service::End(grpc::ServerContext *, const proto::v1::EndRequest *, proto::v1::EndResponse *) status=OK
[2023-12-10 16:22:14.160] [global] [info] [notification_manager.cc:37] Writing to D:\documentos\Desarrollo\Django\django_htmx\.trunk\notifications\trunk-share-with-everyone.yaml
[2023-12-10 16:22:14.164] [global] [info] [notification_manager.cc:84] Reading from D:\documentos\Desarrollo\Django\django_htmx\.trunk\notifications\trunk-share-with-everyone.yaml
[2023-12-10 16:22:14.181] [global] [info] [service.cc:159] Writing notification state to file
[2023-12-10 16:22:14.182] [global] [info] [grpc.cc:29] TX:virtual grpc::Status trunk::cli::actions::Service::GetNotificationsStream(grpc::ServerContext *, const proto::v1::GetNotificationsStreamRequest *, grpc::ServerWriter<proto::v1::GetNotificationsStreamResponse> *) status=OK
[2023-12-10 16:22:18.694] [global] [info] [service.cc:225] lint session ended sid=2
[2023-12-10 16:22:18.694] [global] [info] [service.cc:227] [user-agent=lsp-proxy sid=2] RX:virtual grpc::Status trunk::cli::lint::Service::End(grpc::ServerContext *, const proto::v1::EndRequest *, proto::v1::EndResponse *)
[2023-12-10 16:22:18.695] [global] [info] [service.cc:227] [user-agent=lsp-proxy sid=2] TX:virtual grpc::Status trunk::cli::lint::Service::End(grpc::ServerContext *, const proto::v1::EndRequest *, proto::v1::EndResponse *) status=OK
[2023-12-10 16:22:18.695] [global] [info] [service.cc:294] [user-agent=lsp-proxy sid=n/a] RX:virtual grpc::Status trunk::cli::lint::Service::End(grpc::ServerContext *, const proto::v1::EndRequest *, proto::v1::EndResponse *)
[2023-12-10 16:22:18.696] [global] [info] [service.cc:294] [user-agent=lsp-proxy sid=n/a] TX:virtual grpc::Status trunk::cli::lint::Service::End(grpc::ServerContext *, const proto::v1::EndRequest *, proto::v1::EndResponse *) status=OK
[2023-12-10 16:22:18.697] [global] [info] [service.cc:225] lint session ended sid=1
[2023-12-10 16:22:18.697] [global] [info] [service.cc:227] [user-agent=lsp-proxy sid=1] RX:virtual grpc::Status trunk::cli::lint::Service::End(grpc::ServerContext *, const proto::v1::EndRequest *, proto::v1::EndResponse *)
[2023-12-10 16:22:18.698] [global] [info] [service.cc:227] [user-agent=lsp-proxy sid=1] TX:virtual grpc::Status trunk::cli::lint::Service::End(grpc::ServerContext *, const proto::v1::EndRequest *, proto::v1::EndResponse *) status=OK
[2023-12-10 16:22:18.698] [global] [info] [service.cc:294] [user-agent=lsp-proxy sid=n/a] RX:virtual grpc::Status trunk::cli::lint::Service::End(grpc::ServerContext *, const proto::v1::EndRequest *, proto::v1::EndResponse *)
[2023-12-10 16:22:18.699] [global] [info] [service.cc:294] [user-agent=lsp-proxy sid=n/a] TX:virtual grpc::Status trunk::cli::lint::Service::End(grpc::ServerContext *, const proto::v1::EndRequest *, proto::v1::EndResponse *) status=OK
[2023-12-10 16:22:22.243] [global] [info] [grpc.cc:29] TX:virtual grpc::Status trunk::cli::UpgradeService::GetAvailableUpgrades(grpc::ServerContext *, const upgrade::proto::v1::GetAvailableUpgradesRequest *, grpc::ServerWriter<upgrade::proto::v1::GetAvailableUpgradesResponse> *) status=OK
[2023-12-10 16:27:11.644] [global] [info] [runner.cc:136] Executing action trunk-single-player-auto-on-upgrade.schedule.24h+5m
[2023-12-10 16:27:12.996] [global] [info] [grpc.cc:24] RX:virtual grpc::Status trunk::cli::UpgradeService::GetAvailableUpgrades(grpc::ServerContext *, const upgrade::proto::v1::GetAvailableUpgradesRequest *, grpc::ServerWriter<upgrade::proto::v1::GetAvailableUpgradesResponse> *)
[2023-12-10 16:27:13.061] [global] [info] [download_tool.hh:32] Failed to create download for tool  with error 'direnv' has no matching download for current os/cpu @ version:2.32.3
[2023-12-10 16:27:13.061] [global] [info] [download_tool.hh:32] Failed to create download for tool  with error 'swiftformat' has no matching download for current os/cpu @ version:0.50.0
[2023-12-10 16:27:13.061] [global] [info] [download_tool.hh:32] Failed to create download for tool  with error 'scalafmt' has no matching download for current os/cpu @ version:3.4.3
[2023-12-10 16:27:13.062] [global] [info] [download_tool.hh:32] Failed to create download for tool  with error 'assh' has no matching download for current os/cpu @ version:2.10.0
[2023-12-10 16:27:13.062] [global] [info] [download_tool.hh:32] Failed to create download for tool  with error 'air' has no matching download for current os/cpu @ version:1.44.0
[2023-12-10 16:27:13.063] [global] [info] [download_tool.hh:32] Failed to create download for tool  with error 'swiftlint' has no matching download for current os/cpu @ version:0.49.1
[2023-12-10 16:27:13.063] [global] [info] [download_tool.hh:32] Failed to create download for tool  with error 'tfmigrate' has no matching download for current os/cpu @ version:0.3.14
[2023-12-10 16:27:13.064] [global] [info] [download_tool.hh:32] Failed to create download for tool  with error 'stringslint' has no matching download for current os/cpu @ version:0.1.1
[2023-12-10 16:27:13.066] [global] [info] [download_tool.hh:32] Failed to create download for tool  with error 'clang-format' has no matching download for current os/cpu @ version:14.0.1
[2023-12-10 16:27:13.066] [global] [info] [download_tool.hh:32] Failed to create download for tool  with error 'istioctl' has no matching download for current os/cpu @ version:1.14.6
[2023-12-10 16:27:13.067] [global] [info] [download_tool.hh:32] Failed to create download for tool  with error 'yarn' has no matching download for current os/cpu @ version:1.22.19
[2023-12-10 16:27:13.067] [global] [info] [download_tool.hh:32] Failed to create download for tool  with error 'action-validator' has no matching download for current os/cpu @ version:0.5.3
[2023-12-10 16:27:13.067] [global] [info] [download_tool.hh:32] Failed to create download for tool  with error 'act' has no matching download for current os/cpu @ version:0.2.49
[2023-12-10 16:27:13.067] [global] [info] [download_tool.hh:32] Failed to create download for tool  with error 'adr' has no matching download for current os/cpu @ version:3.0.0
[2023-12-10 16:27:13.068] [global] [info] [download_tool.hh:32] Failed to create download for tool  with error 'amazon-ecr-credential-helper' has no matching download for current os/cpu @ version:0.7.0
[2023-12-10 16:27:13.068] [global] [info] [download_tool.hh:32] Failed to create download for tool  with error 'clang-tidy' has no matching download for current os/cpu @ version:16.0.3
[2023-12-10 16:27:13.069] [global] [info] [download_tool.hh:32] Failed to create download for tool  with error 'include-what-you-use' has no matching download for current os/cpu @ version:0.20
[2023-12-10 16:27:13.069] [global] [info] [download_tool.hh:32] Failed to create download for tool  with error 'tfnotify' has no matching download for current os/cpu @ version:0.8.0
[2023-12-10 16:27:13.070] [global] [info] [download_tool.hh:32] Failed to create download for tool  with error 'shellcheck' has no matching download for current os/cpu @ version:0.8.0
[2023-12-10 16:27:13.072] [global] [info] [plugin_upgrade.cc:71] Querying latest version for plugin trunk
[2023-12-10 16:27:13.498] [global] [info] [service.cc:115] Notifications config has not changed
[2023-12-10 16:27:13.518] [global] [info] [service.cc:49] Tools config updated; updating tools
[2023-12-10 16:27:13.612] [global] [info] [cache.cc:890] [monitor] [bandit:lint:to_do\views.py:HEAD] is cacheable, but can not be found, running linter
[2023-12-10 16:27:13.625] [global] [info] [cache.cc:852] [monitor] [black:format:to_do\views.py:HEAD] already cached, not running linter
[2023-12-10 16:27:14.315] [global] [info] [grpc.cc:29] TX:virtual grpc::Status trunk::cli::UpgradeService::GetAvailableUpgrades(grpc::ServerContext *, const upgrade::proto::v1::GetAvailableUpgradesRequest *, grpc::ServerWriter<upgrade::proto::v1::GetAvailableUpgradesResponse> *) status=OK
[2023-12-10 16:27:14.319] [global] [info] [grpc.cc:24] RX:virtual grpc::Status trunk::cli::UpgradeService::ApplySpecifiedUpgrades(grpc::ServerContext *, const upgrade::proto::v1::ApplySpecifiedUpgradesRequest *, upgrade::proto::v1::ApplySpecifiedUpgradesResponse *)
[2023-12-10 16:27:14.320] [global] [info] [service.cc:227] Applying upgrade changes to trunk.yaml
[2023-12-10 16:27:14.320] [global] [info] [linter_upgrade.cc:346] Detected 0 configs to write
[2023-12-10 16:27:14.320] [global] [info] [grpc.cc:29] TX:virtual grpc::Status trunk::cli::UpgradeService::ApplySpecifiedUpgrades(grpc::ServerContext *, const upgrade::proto::v1::ApplySpecifiedUpgradesRequest *, upgrade::proto::v1::ApplySpecifiedUpgradesResponse *) status=OK
[2023-12-10 16:27:14.390] [global] [info] [grpc.cc:24] RX:virtual grpc::Status trunk::cli::UpgradeService::GetAvailableUpgrades(grpc::ServerContext *, const upgrade::proto::v1::GetAvailableUpgradesRequest *, grpc::ServerWriter<upgrade::proto::v1::GetAvailableUpgradesResponse> *)
[2023-12-10 16:27:14.466] [global] [info] [download_tool.hh:32] Failed to create download for tool  with error 'direnv' has no matching download for current os/cpu @ version:2.32.3
[2023-12-10 16:27:14.467] [global] [info] [download_tool.hh:32] Failed to create download for tool  with error 'swiftformat' has no matching download for current os/cpu @ version:0.50.0
[2023-12-10 16:27:14.467] [global] [info] [download_tool.hh:32] Failed to create download for tool  with error 'scalafmt' has no matching download for current os/cpu @ version:3.4.3
[2023-12-10 16:27:14.467] [global] [info] [download_tool.hh:32] Failed to create download for tool  with error 'assh' has no matching download for current os/cpu @ version:2.10.0
[2023-12-10 16:27:14.468] [global] [info] [download_tool.hh:32] Failed to create download for tool  with error 'air' has no matching download for current os/cpu @ version:1.44.0
[2023-12-10 16:27:14.470] [global] [info] [download_tool.hh:32] Failed to create download for tool  with error 'swiftlint' has no matching download for current os/cpu @ version:0.49.1
[2023-12-10 16:27:14.471] [global] [info] [download_tool.hh:32] Failed to create download for tool  with error 'tfmigrate' has no matching download for current os/cpu @ version:0.3.14
[2023-12-10 16:27:14.471] [global] [info] [download_tool.hh:32] Failed to create download for tool  with error 'stringslint' has no matching download for current os/cpu @ version:0.1.1
[2023-12-10 16:27:14.473] [global] [info] [download_tool.hh:32] Failed to create download for tool  with error 'clang-format' has no matching download for current os/cpu @ version:14.0.1
[2023-12-10 16:27:14.474] [global] [info] [download_tool.hh:32] Failed to create download for tool  with error 'istioctl' has no matching download for current os/cpu @ version:1.14.6
[2023-12-10 16:27:14.474] [global] [info] [download_tool.hh:32] Failed to create download for tool  with error 'yarn' has no matching download for current os/cpu @ version:1.22.19
[2023-12-10 16:27:14.475] [global] [info] [download_tool.hh:32] Failed to create download for tool  with error 'action-validator' has no matching download for current os/cpu @ version:0.5.3
[2023-12-10 16:27:14.475] [global] [info] [download_tool.hh:32] Failed to create download for tool  with error 'act' has no matching download for current os/cpu @ version:0.2.49
[2023-12-10 16:27:14.475] [global] [info] [download_tool.hh:32] Failed to create download for tool  with error 'adr' has no matching download for current os/cpu @ version:3.0.0
[2023-12-10 16:27:14.475] [global] [info] [download_tool.hh:32] Failed to create download for tool  with error 'amazon-ecr-credential-helper' has no matching download for current os/cpu @ version:0.7.0
[2023-12-10 16:27:14.476] [global] [info] [download_tool.hh:32] Failed to create download for tool  with error 'clang-tidy' has no matching download for current os/cpu @ version:16.0.3
[2023-12-10 16:27:14.476] [global] [info] [download_tool.hh:32] Failed to create download for tool  with error 'include-what-you-use' has no matching download for current os/cpu @ version:0.20
[2023-12-10 16:27:14.477] [global] [info] [download_tool.hh:32] Failed to create download for tool  with error 'tfnotify' has no matching download for current os/cpu @ version:0.8.0
[2023-12-10 16:27:14.478] [global] [info] [download_tool.hh:32] Failed to create download for tool  with error 'shellcheck' has no matching download for current os/cpu @ version:0.8.0
[2023-12-10 16:27:14.744] [global] [info] [linter.cc:1633] Found config in plugin repo at C:\Users\Usuario\AppData\Local\trunk\plugins\https---github-com-trunk-io-plugins\v1.4.0-4ebadccd80b22638\linters\flake8\.flake8
[2023-12-10 16:27:14.744] [global] [info] [linter.cc:1633] Found config in plugin repo at C:\Users\Usuario\AppData\Local\trunk\plugins\https---github-com-trunk-io-plugins\v1.4.0-4ebadccd80b22638\linters\djlint\.djlintrc
[2023-12-10 16:27:14.745] [global] [info] [linter.cc:1633] Found config in plugin repo at C:\Users\Usuario\AppData\Local\trunk\plugins\https---github-com-trunk-io-plugins\v1.4.0-4ebadccd80b22638\linters\djlint\.djlintrc
[2023-12-10 16:27:14.745] [global] [info] [linter.cc:1633] Found config in plugin repo at C:\Users\Usuario\AppData\Local\trunk\plugins\https---github-com-trunk-io-plugins\v1.4.0-4ebadccd80b22638\linters\cspell\cspell.yaml
[2023-12-10 16:27:14.824] [global] [info] [service.cc:115] Notifications config has not changed
[2023-12-10 16:27:14.881] [global] [info] [cache.cc:890] [monitor] [bandit:lint:to_do\views.py:HEAD] is cacheable, but can not be found, running linter
[2023-12-10 16:27:14.886] [global] [info] [cache.cc:852] [monitor] [black:format:to_do\views.py:HEAD] already cached, not running linter
[2023-12-10 16:27:15.637] [global] [info] [release.cc:139] Retrieved 7 linter-version pairs from ReleaseVersionService
[2023-12-10 16:27:17.414] [global] [info] [grpc.cc:29] TX:virtual grpc::Status trunk::cli::UpgradeService::GetAvailableUpgrades(grpc::ServerContext *, const upgrade::proto::v1::GetAvailableUpgradesRequest *, grpc::ServerWriter<upgrade::proto::v1::GetAvailableUpgradesResponse> *) status=OK
[2023-12-10 16:27:17.417] [global] [info] [grpc.cc:24] RX:virtual grpc::Status trunk::cli::UpgradeService::ApplySpecifiedUpgrades(grpc::ServerContext *, const upgrade::proto::v1::ApplySpecifiedUpgradesRequest *, upgrade::proto::v1::ApplySpecifiedUpgradesResponse *)
[2023-12-10 16:27:17.418] [global] [info] [service.cc:227] Applying upgrade changes to trunk.yaml
[2023-12-10 16:27:17.419] [global] [info] [linter_upgrade.cc:346] Detected 0 configs to write
[2023-12-10 16:27:17.419] [global] [info] [grpc.cc:29] TX:virtual grpc::Status trunk::cli::UpgradeService::ApplySpecifiedUpgrades(grpc::ServerContext *, const upgrade::proto::v1::ApplySpecifiedUpgradesRequest *, upgrade::proto::v1::ApplySpecifiedUpgradesResponse *) status=OK
[2023-12-10 16:27:17.934] [global] [info] [service.cc:146] [user-agent=cli/on-upgrade sid=n/a] RX:virtual grpc::Status trunk::cli::lint::Service::Start(grpc::ServerContext *, const proto::v1::StartRequest *, proto::v1::StartResponse *)
[2023-12-10 16:27:17.992] [global] [info] [download_tool.hh:32] Failed to create download for tool  with error 'include-what-you-use' has no matching download for current os/cpu @ version:0.20
[2023-12-10 16:27:17.992] [global] [info] [download_tool.hh:32] Failed to create download for tool  with error 'air' has no matching download for current os/cpu @ version:1.44.0
[2023-12-10 16:27:17.993] [global] [info] [download_tool.hh:32] Failed to create download for tool  with error 'swiftformat' has no matching download for current os/cpu @ version:0.50.0
[2023-12-10 16:27:17.993] [global] [info] [download_tool.hh:32] Failed to create download for tool  with error 'scalafmt' has no matching download for current os/cpu @ version:3.4.3
[2023-12-10 16:27:17.993] [global] [info] [download_tool.hh:32] Failed to create download for tool  with error 'assh' has no matching download for current os/cpu @ version:2.10.0
[2023-12-10 16:27:17.994] [global] [info] [download_tool.hh:32] Failed to create download for tool  with error 'direnv' has no matching download for current os/cpu @ version:2.32.3
[2023-12-10 16:27:17.995] [global] [info] [download_tool.hh:32] Failed to create download for tool  with error 'stringslint' has no matching download for current os/cpu @ version:0.1.1
[2023-12-10 16:27:17.996] [global] [info] [download_tool.hh:32] Failed to create download for tool  with error 'swiftlint' has no matching download for current os/cpu @ version:0.49.1
[2023-12-10 16:27:17.996] [global] [info] [download_tool.hh:32] Failed to create download for tool  with error 'tfmigrate' has no matching download for current os/cpu @ version:0.3.14
[2023-12-10 16:27:17.997] [global] [info] [download_tool.hh:32] Failed to create download for tool  with error 'clang-tidy' has no matching download for current os/cpu @ version:16.0.3
[2023-12-10 16:27:17.997] [global] [info] [download_tool.hh:32] Failed to create download for tool  with error 'amazon-ecr-credential-helper' has no matching download for current os/cpu @ version:0.7.0
[2023-12-10 16:27:17.997] [global] [info] [download_tool.hh:32] Failed to create download for tool  with error 'act' has no matching download for current os/cpu @ version:0.2.49
[2023-12-10 16:27:17.997] [global] [info] [download_tool.hh:32] Failed to create download for tool  with error 'adr' has no matching download for current os/cpu @ version:3.0.0
[2023-12-10 16:27:17.998] [global] [info] [download_tool.hh:32] Failed to create download for tool  with error 'yarn' has no matching download for current os/cpu @ version:1.22.19
[2023-12-10 16:27:17.998] [global] [info] [download_tool.hh:32] Failed to create download for tool  with error 'action-validator' has no matching download for current os/cpu @ version:0.5.3
[2023-12-10 16:27:17.999] [global] [info] [download_tool.hh:32] Failed to create download for tool  with error 'clang-format' has no matching download for current os/cpu @ version:14.0.1
[2023-12-10 16:27:17.999] [global] [info] [download_tool.hh:32] Failed to create download for tool  with error 'istioctl' has no matching download for current os/cpu @ version:1.14.6
[2023-12-10 16:27:18.000] [global] [info] [download_tool.hh:32] Failed to create download for tool  with error 'shellcheck' has no matching download for current os/cpu @ version:0.8.0
[2023-12-10 16:27:18.002] [global] [info] [download_tool.hh:32] Failed to create download for tool  with error 'tfnotify' has no matching download for current os/cpu @ version:0.8.0
[2023-12-10 16:27:18.031] [global] [info] [session_context.cc:138] Making commit info with id: 8273fd3c947d637a7c0bce7ed646ecaea463c59f
[2023-12-10 16:27:18.039] [global] [info] [service.cc:214] [user-agent=cli/on-upgrade sid=n/a] lint session created sid=6 with the following options:
format_only: true
cache_enabled: true
force: true
num_jobs: 8
session_type: SESSION_TYPE_CLI
scope: SESSION_SCOPE_ALL

[2023-12-10 16:27:18.039] [global] [info] [service.cc:146] [user-agent=cli/on-upgrade sid=n/a] TX:virtual grpc::Status trunk::cli::lint::Service::Start(grpc::ServerContext *, const proto::v1::StartRequest *, proto::v1::StartResponse *) status=OK
[2023-12-10 16:27:18.039] [global] [info] [service.cc:361] [user-agent=cli/on-upgrade sid=6] RX:virtual grpc::Status trunk::cli::lint::Service::Queue(grpc::ServerContext *, const proto::v1::QueueRequest *, proto::v1::QueueResponse *)
[2023-12-10 16:27:18.041] [global] [info] [service.cc:361] [user-agent=cli/on-upgrade sid=6] TX:virtual grpc::Status trunk::cli::lint::Service::Queue(grpc::ServerContext *, const proto::v1::QueueRequest *, proto::v1::QueueResponse *) status=OK
[2023-12-10 16:27:18.041] [global] [info] [service.cc:459] [user-agent=cli/on-upgrade sid=6] RX:virtual grpc::Status trunk::cli::lint::Service::Lint(grpc::ServerContext *, const proto::v1::LintRequest *, grpc::ServerWriter<proto::v1::LintResponse> *)
[2023-12-10 16:27:18.049] [global] [info] [cache.cc:894] [on-demand] [prettier:format:.trunk\trunk.yaml:HEAD] not cacheable, running linter
[2023-12-10 16:27:18.057] [global] [info] [runner.cc:99] Writing prettier predecessor error to D:\documentos\Desarrollo\Django\django_htmx\.trunk\out\cnUqa.yaml
[2023-12-10 16:27:18.058] [global] [info] [runner.cc:99] Writing prettier predecessor error to D:\documentos\Desarrollo\Django\django_htmx\.trunk\out\Y0LIN.yaml
[2023-12-10 16:27:18.256] [global] [info] [service.cc:459] [user-agent=cli/on-upgrade sid=6] TX:virtual grpc::Status trunk::cli::lint::Service::Lint(grpc::ServerContext *, const proto::v1::LintRequest *, grpc::ServerWriter<proto::v1::LintResponse> *) status=OK
[2023-12-10 16:27:18.256] [global] [info] [service.cc:540] [user-agent=cli/on-upgrade sid=6] RX:virtual grpc::Status trunk::cli::lint::Service::GetCurrentDiagnostic(grpc::ServerContext *, const proto::v1::GetCurrentDiagnosticRequest *, proto::v1::GetCurrentDiagnosticResponse *)
[2023-12-10 16:27:18.256] [global] [info] [service.cc:540] [user-agent=cli/on-upgrade sid=6] TX:virtual grpc::Status trunk::cli::lint::Service::GetCurrentDiagnostic(grpc::ServerContext *, const proto::v1::GetCurrentDiagnosticRequest *, proto::v1::GetCurrentDiagnosticResponse *) status=OK
[2023-12-10 16:27:18.257] [global] [info] [service.cc:540] [user-agent=cli/on-upgrade sid=6] RX:virtual grpc::Status trunk::cli::lint::Service::GetCurrentDiagnostic(grpc::ServerContext *, const proto::v1::GetCurrentDiagnosticRequest *, proto::v1::GetCurrentDiagnosticResponse *)
[2023-12-10 16:27:18.257] [global] [info] [service.cc:540] [user-agent=cli/on-upgrade sid=6] TX:virtual grpc::Status trunk::cli::lint::Service::GetCurrentDiagnostic(grpc::ServerContext *, const proto::v1::GetCurrentDiagnosticRequest *, proto::v1::GetCurrentDiagnosticResponse *) status=OK
[2023-12-10 16:27:18.257] [global] [info] [service.cc:225] lint session ended sid=6
[2023-12-10 16:27:18.257] [global] [info] [service.cc:227] [user-agent=cli/on-upgrade sid=6] RX:virtual grpc::Status trunk::cli::lint::Service::End(grpc::ServerContext *, const proto::v1::EndRequest *, proto::v1::EndResponse *)
[2023-12-10 16:27:18.258] [global] [info] [service.cc:227] [user-agent=cli/on-upgrade sid=6] TX:virtual grpc::Status trunk::cli::lint::Service::End(grpc::ServerContext *, const proto::v1::EndRequest *, proto::v1::EndResponse *) status=OK
[2023-12-10 16:27:18.258] [global] [info] [service.cc:294] [user-agent=cli/on-upgrade sid=n/a] RX:virtual grpc::Status trunk::cli::lint::Service::End(grpc::ServerContext *, const proto::v1::EndRequest *, proto::v1::EndResponse *)
[2023-12-10 16:27:18.259] [global] [info] [service.cc:294] [user-agent=cli/on-upgrade sid=n/a] TX:virtual grpc::Status trunk::cli::lint::Service::End(grpc::ServerContext *, const proto::v1::EndRequest *, proto::v1::EndResponse *) status=OK
[2023-12-10 16:27:18.440] [global] [info] [service.cc:115] Notifications config has not changed
[2023-12-10 16:27:18.507] [global] [info] [cache.cc:890] [monitor] [bandit:lint:to_do\views.py:HEAD] is cacheable, but can not be found, running linter
[2023-12-10 16:27:18.510] [global] [info] [cache.cc:852] [monitor] [black:format:to_do\views.py:HEAD] already cached, not running linter
[2023-12-10 16:27:19.230] [global] [info] [service.cc:285] [user-agent=cli/on-upgrade sid=6] TrackCheckUsageEvent upload ok: true with code: ok
[2023-12-10 17:22:11.648] [global] [info] [runner.cc:136] Executing action trunk-upgrade-available.schedule.1h
[2023-12-10 17:22:11.648] [global] [info] [runner.cc:136] Executing action trunk-single-player-auto-upgrade.schedule.24h+1h
[2023-12-10 17:22:11.987] [global] [info] [grpc.cc:24] RX:virtual grpc::Status trunk::cli::UpgradeService::GetAvailableUpgrades(grpc::ServerContext *, const upgrade::proto::v1::GetAvailableUpgradesRequest *, grpc::ServerWriter<upgrade::proto::v1::GetAvailableUpgradesResponse> *)
[2023-12-10 17:22:11.989] [global] [info] [cli_upgrade.cc:86] Checking for latest trunk prod version...
[2023-12-10 17:22:11.990] [global] [info] [plugin_upgrade.cc:71] Querying latest version for plugin trunk
[2023-12-10 17:22:12.525] [global] [info] [linter.cc:1633] Found config in plugin repo at C:\Users\Usuario\AppData\Local\trunk\plugins\https---github-com-trunk-io-plugins\v1.4.0-4ebadccd80b22638\linters\djlint\.djlintrc
[2023-12-10 17:22:12.526] [global] [info] [linter.cc:1633] Found config in plugin repo at C:\Users\Usuario\AppData\Local\trunk\plugins\https---github-com-trunk-io-plugins\v1.4.0-4ebadccd80b22638\linters\djlint\.djlintrc
[2023-12-10 17:22:12.526] [global] [info] [linter.cc:1633] Found config in plugin repo at C:\Users\Usuario\AppData\Local\trunk\plugins\https---github-com-trunk-io-plugins\v1.4.0-4ebadccd80b22638\linters\cspell\cspell.yaml
[2023-12-10 17:22:12.526] [global] [info] [linter.cc:1633] Found config in plugin repo at C:\Users\Usuario\AppData\Local\trunk\plugins\https---github-com-trunk-io-plugins\v1.4.0-4ebadccd80b22638\linters\flake8\.flake8
[2023-12-10 17:22:12.527] [global] [info] [linter.cc:1633] Found config in plugin repo at C:\Users\Usuario\AppData\Local\trunk\plugins\https---github-com-trunk-io-plugins\v1.4.0-4ebadccd80b22638\linters\yamllint\.yamllint.yaml
[2023-12-10 17:22:12.755] [global] [info] [cli_upgrade.cc:93] Successfully fetched latest trunk 1.18.0 version: prod
[2023-12-10 17:22:13.432] [global] [info] [release.cc:139] Retrieved 10 linter-version pairs from ReleaseVersionService
[2023-12-10 17:22:21.478] [global] [info] [grpc.cc:29] TX:virtual grpc::Status trunk::cli::UpgradeService::GetAvailableUpgrades(grpc::ServerContext *, const upgrade::proto::v1::GetAvailableUpgradesRequest *, grpc::ServerWriter<upgrade::proto::v1::GetAvailableUpgradesResponse> *) status=OK
[2023-12-10 17:22:22.419] [global] [info] [notification_manager.cc:37] Writing to D:\documentos\Desarrollo\Django\django_htmx\.trunk\notifications\trunk-upgrade.yaml
[2023-12-10 17:59:33.860] [global] [info] [service.cc:105] CLI version change; do not run file-triggered actions
[2023-12-10 17:59:33.861] [global] [info] [service.cc:36] CLI version change; do not update tools
[2023-12-10 17:59:33.873] [global] [info] [app_context.cc:391] TryGetTrunkConfigPb failed
[2023-12-10 17:59:33.874] [global] [info] [app_context.cc:391] TryGetTrunkConfigPb failed
[2023-12-10 17:59:33.874] [global] [info] [app_context.cc:391] TryGetTrunkConfigPb failed
[2023-12-10 17:59:33.894] [global] [info] [app_context.cc:391] TryGetTrunkConfigPb failed
[2023-12-10 17:59:34.981] [global] [info] [app_context.cc:391] TryGetTrunkConfigPb failed
[2023-12-10 17:59:34.982] [global] [info] [app_context.cc:391] TryGetTrunkConfigPb failed
[2023-12-10 17:59:34.982] [global] [info] [app_context.cc:391] TryGetTrunkConfigPb failed
[2023-12-10 17:59:35.083] [global] [info] [app_context.cc:391] TryGetTrunkConfigPb failed
[2023-12-10 17:59:52.745] [global] [info] [app_context.cc:391] TryGetTrunkConfigPb failed
[2023-12-10 17:59:52.745] [global] [info] [app_context.cc:391] TryGetTrunkConfigPb failed
[2023-12-10 17:59:52.746] [global] [info] [app_context.cc:391] TryGetTrunkConfigPb failed
[2023-12-10 17:59:52.747] [global] [info] [app_context.cc:391] TryGetTrunkConfigPb failed
[2023-12-10 18:00:35.876] [global] [info] [app_context.cc:391] TryGetTrunkConfigPb failed
[2023-12-10 18:00:35.876] [global] [info] [app_context.cc:391] TryGetTrunkConfigPb failed
[2023-12-10 18:00:35.877] [global] [info] [app_context.cc:391] TryGetTrunkConfigPb failed
[2023-12-10 18:00:35.878] [global] [info] [app_context.cc:391] TryGetTrunkConfigPb failed
[2023-12-10 18:00:39.684] [global] [info] [app_context.cc:391] TryGetTrunkConfigPb failed
[2023-12-10 18:00:39.684] [global] [info] [app_context.cc:391] TryGetTrunkConfigPb failed
[2023-12-10 18:00:39.684] [global] [info] [app_context.cc:391] TryGetTrunkConfigPb failed
[2023-12-10 18:00:39.685] [global] [info] [app_context.cc:391] TryGetTrunkConfigPb failed
[2023-12-10 18:00:46.988] [global] [info] [app_context.cc:391] TryGetTrunkConfigPb failed
[2023-12-10 18:00:46.988] [global] [info] [app_context.cc:391] TryGetTrunkConfigPb failed
[2023-12-10 18:00:46.989] [global] [info] [app_context.cc:391] TryGetTrunkConfigPb failed
[2023-12-10 18:00:46.989] [global] [info] [app_context.cc:391] TryGetTrunkConfigPb failed
[2023-12-10 18:01:06.581] [global] [info] [app_context.cc:391] TryGetTrunkConfigPb failed
[2023-12-10 18:01:06.581] [global] [info] [app_context.cc:391] TryGetTrunkConfigPb failed
[2023-12-10 18:01:06.581] [global] [info] [app_context.cc:391] TryGetTrunkConfigPb failed
[2023-12-10 18:01:06.599] [global] [info] [app_context.cc:391] TryGetTrunkConfigPb failed
[2023-12-10 18:01:16.931] [global] [info] [app_context.cc:391] TryGetTrunkConfigPb failed
[2023-12-10 18:01:16.931] [global] [info] [app_context.cc:391] TryGetTrunkConfigPb failed
[2023-12-10 18:01:16.931] [global] [info] [app_context.cc:391] TryGetTrunkConfigPb failed
[2023-12-10 18:01:16.936] [global] [info] [app_context.cc:391] TryGetTrunkConfigPb failed
[2023-12-10 18:01:31.070] [global] [info] [app_context.cc:391] TryGetTrunkConfigPb failed
[2023-12-10 18:01:31.070] [global] [info] [app_context.cc:391] TryGetTrunkConfigPb failed
[2023-12-10 18:01:31.070] [global] [info] [app_context.cc:391] TryGetTrunkConfigPb failed
[2023-12-10 18:01:31.088] [global] [info] [app_context.cc:391] TryGetTrunkConfigPb failed
[2023-12-10 18:01:41.917] [global] [info] [app_context.cc:391] TryGetTrunkConfigPb failed
[2023-12-10 18:01:41.918] [global] [info] [app_context.cc:391] TryGetTrunkConfigPb failed
[2023-12-10 18:01:41.918] [global] [info] [app_context.cc:391] TryGetTrunkConfigPb failed
[2023-12-10 18:01:41.919] [global] [info] [app_context.cc:391] TryGetTrunkConfigPb failed
[2023-12-10 18:01:48.481] [global] [info] [app_context.cc:391] TryGetTrunkConfigPb failed
[2023-12-10 18:01:48.481] [global] [info] [app_context.cc:391] TryGetTrunkConfigPb failed
[2023-12-10 18:01:48.482] [global] [info] [app_context.cc:391] TryGetTrunkConfigPb failed
[2023-12-10 18:01:48.482] [global] [info] [app_context.cc:391] TryGetTrunkConfigPb failed
[2023-12-10 18:01:56.518] [global] [info] [app_context.cc:391] TryGetTrunkConfigPb failed
[2023-12-10 18:01:56.518] [global] [info] [app_context.cc:391] TryGetTrunkConfigPb failed
[2023-12-10 18:01:56.519] [global] [info] [app_context.cc:391] TryGetTrunkConfigPb failed
[2023-12-10 18:01:56.520] [global] [info] [app_context.cc:391] TryGetTrunkConfigPb failed
[2023-12-10 18:02:16.261] [global] [info] [app_context.cc:391] TryGetTrunkConfigPb failed
[2023-12-10 18:02:16.261] [global] [info] [app_context.cc:391] TryGetTrunkConfigPb failed
[2023-12-10 18:02:16.262] [global] [info] [app_context.cc:391] TryGetTrunkConfigPb failed
[2023-12-10 18:02:16.287] [global] [info] [app_context.cc:391] TryGetTrunkConfigPb failed
[2023-12-10 18:02:31.178] [global] [info] [app_context.cc:391] TryGetTrunkConfigPb failed
[2023-12-10 18:02:31.178] [global] [info] [app_context.cc:391] TryGetTrunkConfigPb failed
[2023-12-10 18:02:31.178] [global] [info] [app_context.cc:391] TryGetTrunkConfigPb failed
[2023-12-10 18:02:31.196] [global] [info] [app_context.cc:391] TryGetTrunkConfigPb failed
[2023-12-10 18:02:37.305] [global] [info] [app_context.cc:391] TryGetTrunkConfigPb failed
[2023-12-10 18:02:37.305] [global] [info] [app_context.cc:391] TryGetTrunkConfigPb failed
[2023-12-10 18:02:37.305] [global] [info] [app_context.cc:391] TryGetTrunkConfigPb failed
[2023-12-10 18:02:37.306] [global] [info] [app_context.cc:391] TryGetTrunkConfigPb failed
[2023-12-10 18:06:01.627] [global] [info] [app_context.cc:391] TryGetTrunkConfigPb failed
[2023-12-10 18:06:01.627] [global] [info] [app_context.cc:391] TryGetTrunkConfigPb failed
[2023-12-10 18:06:01.627] [global] [info] [app_context.cc:391] TryGetTrunkConfigPb failed
[2023-12-10 18:06:01.665] [global] [info] [app_context.cc:391] TryGetTrunkConfigPb failed
[2023-12-10 18:06:22.358] [global] [info] [app_context.cc:391] TryGetTrunkConfigPb failed
[2023-12-10 18:06:22.358] [global] [info] [app_context.cc:391] TryGetTrunkConfigPb failed
[2023-12-10 18:06:22.358] [global] [info] [app_context.cc:391] TryGetTrunkConfigPb failed
[2023-12-10 18:06:22.376] [global] [info] [app_context.cc:391] TryGetTrunkConfigPb failed
[2023-12-10 18:07:01.243] [global] [info] [app_context.cc:391] TryGetTrunkConfigPb failed
[2023-12-10 18:07:01.243] [global] [info] [app_context.cc:391] TryGetTrunkConfigPb failed
[2023-12-10 18:07:01.244] [global] [info] [app_context.cc:391] TryGetTrunkConfigPb failed
[2023-12-10 18:07:01.252] [global] [info] [app_context.cc:391] TryGetTrunkConfigPb failed
[2023-12-10 18:15:20.755] [global] [info] [app_context.cc:391] TryGetTrunkConfigPb failed
[2023-12-10 18:15:20.755] [global] [info] [app_context.cc:391] TryGetTrunkConfigPb failed
[2023-12-10 18:15:20.755] [global] [info] [app_context.cc:391] TryGetTrunkConfigPb failed
[2023-12-10 18:15:20.772] [global] [info] [app_context.cc:391] TryGetTrunkConfigPb failed
[2023-12-10 18:15:23.509] [global] [info] [app_context.cc:391] TryGetTrunkConfigPb failed
[2023-12-10 18:15:23.509] [global] [info] [app_context.cc:391] TryGetTrunkConfigPb failed
[2023-12-10 18:15:23.510] [global] [info] [app_context.cc:391] TryGetTrunkConfigPb failed
[2023-12-10 18:15:23.528] [global] [info] [app_context.cc:391] TryGetTrunkConfigPb failed
[2023-12-10 18:15:48.314] [global] [info] [app_context.cc:391] TryGetTrunkConfigPb failed
[2023-12-10 18:15:48.314] [global] [info] [app_context.cc:391] TryGetTrunkConfigPb failed
[2023-12-10 18:15:48.315] [global] [info] [app_context.cc:391] TryGetTrunkConfigPb failed
[2023-12-10 18:15:48.316] [global] [info] [app_context.cc:391] TryGetTrunkConfigPb failed
[2023-12-10 18:15:51.039] [global] [info] [app_context.cc:391] TryGetTrunkConfigPb failed
[2023-12-10 18:15:51.039] [global] [info] [app_context.cc:391] TryGetTrunkConfigPb failed
[2023-12-10 18:15:51.039] [global] [info] [app_context.cc:391] TryGetTrunkConfigPb failed
[2023-12-10 18:15:51.056] [global] [info] [app_context.cc:391] TryGetTrunkConfigPb failed
[2023-12-10 18:18:39.578] [global] [info] [app_context.cc:391] TryGetTrunkConfigPb failed
[2023-12-10 18:18:39.578] [global] [info] [app_context.cc:391] TryGetTrunkConfigPb failed
[2023-12-10 18:18:39.579] [global] [info] [app_context.cc:391] TryGetTrunkConfigPb failed
[2023-12-10 18:18:39.580] [global] [info] [app_context.cc:391] TryGetTrunkConfigPb failed
[2023-12-10 18:18:41.373] [global] [info] [app_context.cc:391] TryGetTrunkConfigPb failed
[2023-12-10 18:18:41.373] [global] [info] [app_context.cc:391] TryGetTrunkConfigPb failed
[2023-12-10 18:18:41.373] [global] [info] [app_context.cc:391] TryGetTrunkConfigPb failed
[2023-12-10 18:18:41.375] [global] [info] [app_context.cc:391] TryGetTrunkConfigPb failed
[2023-12-10 18:19:51.892] [global] [info] [app_context.cc:391] TryGetTrunkConfigPb failed
[2023-12-10 18:19:51.892] [global] [info] [app_context.cc:391] TryGetTrunkConfigPb failed
[2023-12-10 18:19:51.892] [global] [info] [app_context.cc:391] TryGetTrunkConfigPb failed
[2023-12-10 18:19:51.893] [global] [info] [app_context.cc:391] TryGetTrunkConfigPb failed
[2023-12-10 18:19:54.502] [global] [info] [app_context.cc:391] TryGetTrunkConfigPb failed
[2023-12-10 18:19:54.502] [global] [info] [app_context.cc:391] TryGetTrunkConfigPb failed
[2023-12-10 18:19:54.502] [global] [info] [app_context.cc:391] TryGetTrunkConfigPb failed
[2023-12-10 18:19:54.503] [global] [info] [app_context.cc:391] TryGetTrunkConfigPb failed
[2023-12-10 18:21:10.903] [global] [info] [app_context.cc:391] TryGetTrunkConfigPb failed
[2023-12-10 18:21:10.903] [global] [info] [app_context.cc:391] TryGetTrunkConfigPb failed
[2023-12-10 18:21:10.903] [global] [info] [app_context.cc:391] TryGetTrunkConfigPb failed
[2023-12-10 18:21:10.920] [global] [info] [app_context.cc:391] TryGetTrunkConfigPb failed
[2023-12-10 18:21:22.662] [global] [info] [app_context.cc:391] TryGetTrunkConfigPb failed
[2023-12-10 18:21:22.662] [global] [info] [app_context.cc:391] TryGetTrunkConfigPb failed
[2023-12-10 18:21:22.662] [global] [info] [app_context.cc:391] TryGetTrunkConfigPb failed
[2023-12-10 18:21:22.687] [global] [info] [app_context.cc:391] TryGetTrunkConfigPb failed
[2023-12-10 18:22:11.643] [global] [info] [runner.cc:136] Executing action trunk-upgrade-available.schedule.1h
[2023-12-10 18:22:17.617] [global] [info] [app_context.cc:391] TryGetTrunkConfigPb failed
[2023-12-10 18:22:17.617] [global] [info] [app_context.cc:391] TryGetTrunkConfigPb failed
[2023-12-10 18:22:17.618] [global] [info] [app_context.cc:391] TryGetTrunkConfigPb failed
[2023-12-10 18:22:17.626] [global] [info] [app_context.cc:391] TryGetTrunkConfigPb failed
[2023-12-10 18:23:04.211] [global] [info] [app_context.cc:391] TryGetTrunkConfigPb failed
[2023-12-10 18:23:04.212] [global] [info] [app_context.cc:391] TryGetTrunkConfigPb failed
[2023-12-10 18:23:04.212] [global] [info] [app_context.cc:391] TryGetTrunkConfigPb failed
[2023-12-10 18:23:04.231] [global] [info] [app_context.cc:391] TryGetTrunkConfigPb failed
[2023-12-10 18:25:01.495] [global] [info] [app_context.cc:391] TryGetTrunkConfigPb failed
[2023-12-10 18:25:01.495] [global] [info] [app_context.cc:391] TryGetTrunkConfigPb failed
[2023-12-10 18:25:01.496] [global] [info] [app_context.cc:391] TryGetTrunkConfigPb failed
[2023-12-10 18:25:01.514] [global] [info] [app_context.cc:391] TryGetTrunkConfigPb failed
[2023-12-10 18:25:04.498] [global] [info] [app_context.cc:391] TryGetTrunkConfigPb failed
[2023-12-10 18:25:04.498] [global] [info] [app_context.cc:391] TryGetTrunkConfigPb failed
[2023-12-10 18:25:04.499] [global] [info] [app_context.cc:391] TryGetTrunkConfigPb failed
[2023-12-10 18:25:04.526] [global] [info] [app_context.cc:391] TryGetTrunkConfigPb failed
[2023-12-10 18:25:30.290] [global] [info] [app_context.cc:391] TryGetTrunkConfigPb failed
[2023-12-10 18:25:30.290] [global] [info] [app_context.cc:391] TryGetTrunkConfigPb failed
[2023-12-10 18:25:30.291] [global] [info] [app_context.cc:391] TryGetTrunkConfigPb failed
[2023-12-10 18:25:30.308] [global] [info] [app_context.cc:391] TryGetTrunkConfigPb failed
[2023-12-10 18:26:44.210] [global] [info] [app_context.cc:391] TryGetTrunkConfigPb failed
[2023-12-10 18:26:44.210] [global] [info] [app_context.cc:391] TryGetTrunkConfigPb failed
[2023-12-10 18:26:44.210] [global] [info] [app_context.cc:391] TryGetTrunkConfigPb failed
[2023-12-10 18:26:44.218] [global] [info] [app_context.cc:391] TryGetTrunkConfigPb failed
[2023-12-10 18:26:45.797] [global] [info] [app_context.cc:391] TryGetTrunkConfigPb failed
[2023-12-10 18:26:45.797] [global] [info] [app_context.cc:391] TryGetTrunkConfigPb failed
[2023-12-10 18:26:45.797] [global] [info] [app_context.cc:391] TryGetTrunkConfigPb failed
[2023-12-10 18:26:45.804] [global] [info] [app_context.cc:391] TryGetTrunkConfigPb failed
[2023-12-10 18:27:26.363] [global] [info] [app_context.cc:391] TryGetTrunkConfigPb failed
[2023-12-10 18:27:26.363] [global] [info] [app_context.cc:391] TryGetTrunkConfigPb failed
[2023-12-10 18:27:26.364] [global] [info] [app_context.cc:391] TryGetTrunkConfigPb failed
[2023-12-10 18:27:26.381] [global] [info] [app_context.cc:391] TryGetTrunkConfigPb failed
[2023-12-10 18:29:04.653] [global] [info] [app_context.cc:391] TryGetTrunkConfigPb failed
[2023-12-10 18:29:04.653] [global] [info] [app_context.cc:391] TryGetTrunkConfigPb failed
[2023-12-10 18:29:04.654] [global] [info] [app_context.cc:391] TryGetTrunkConfigPb failed
[2023-12-10 18:29:04.665] [global] [info] [app_context.cc:391] TryGetTrunkConfigPb failed
[2023-12-10 18:30:28.275] [global] [info] [app_context.cc:391] TryGetTrunkConfigPb failed
[2023-12-10 18:30:28.275] [global] [info] [app_context.cc:391] TryGetTrunkConfigPb failed
[2023-12-10 18:30:28.276] [global] [info] [app_context.cc:391] TryGetTrunkConfigPb failed
[2023-12-10 18:30:28.312] [global] [info] [app_context.cc:391] TryGetTrunkConfigPb failed
[2023-12-10 18:30:34.397] [global] [info] [app_context.cc:391] TryGetTrunkConfigPb failed
[2023-12-10 18:30:34.397] [global] [info] [app_context.cc:391] TryGetTrunkConfigPb failed
[2023-12-10 18:30:34.397] [global] [info] [app_context.cc:391] TryGetTrunkConfigPb failed
[2023-12-10 18:30:34.409] [global] [info] [app_context.cc:391] TryGetTrunkConfigPb failed
[2023-12-10 18:30:39.112] [global] [info] [app_context.cc:391] TryGetTrunkConfigPb failed
[2023-12-10 18:30:39.112] [global] [info] [app_context.cc:391] TryGetTrunkConfigPb failed
[2023-12-10 18:30:39.112] [global] [info] [app_context.cc:391] TryGetTrunkConfigPb failed
[2023-12-10 18:30:39.124] [global] [info] [app_context.cc:391] TryGetTrunkConfigPb failed
[2023-12-10 18:31:11.219] [global] [info] [app_context.cc:391] TryGetTrunkConfigPb failed
[2023-12-10 18:31:11.219] [global] [info] [app_context.cc:391] TryGetTrunkConfigPb failed
[2023-12-10 18:31:11.219] [global] [info] [app_context.cc:391] TryGetTrunkConfigPb failed
[2023-12-10 18:31:11.231] [global] [info] [app_context.cc:391] TryGetTrunkConfigPb failed
[2023-12-10 18:31:17.005] [global] [info] [app_context.cc:391] TryGetTrunkConfigPb failed
[2023-12-10 18:31:17.005] [global] [info] [app_context.cc:391] TryGetTrunkConfigPb failed
[2023-12-10 18:31:17.006] [global] [info] [app_context.cc:391] TryGetTrunkConfigPb failed
[2023-12-10 18:31:17.017] [global] [info] [app_context.cc:391] TryGetTrunkConfigPb failed
[2023-12-10 18:31:23.895] [global] [info] [app_context.cc:391] TryGetTrunkConfigPb failed
[2023-12-10 18:31:23.895] [global] [info] [app_context.cc:391] TryGetTrunkConfigPb failed
[2023-12-10 18:31:23.895] [global] [info] [app_context.cc:391] TryGetTrunkConfigPb failed
[2023-12-10 18:31:23.907] [global] [info] [app_context.cc:391] TryGetTrunkConfigPb failed
[2023-12-10 18:32:02.862] [global] [info] [app_context.cc:391] TryGetTrunkConfigPb failed
[2023-12-10 18:32:02.862] [global] [info] [app_context.cc:391] TryGetTrunkConfigPb failed
[2023-12-10 18:32:02.863] [global] [info] [app_context.cc:391] TryGetTrunkConfigPb failed
[2023-12-10 18:32:02.875] [global] [info] [app_context.cc:391] TryGetTrunkConfigPb failed
[2023-12-10 18:32:24.615] [global] [info] [app_context.cc:391] TryGetTrunkConfigPb failed
[2023-12-10 18:32:24.615] [global] [info] [app_context.cc:391] TryGetTrunkConfigPb failed
[2023-12-10 18:32:24.615] [global] [info] [app_context.cc:391] TryGetTrunkConfigPb failed
[2023-12-10 18:32:24.626] [global] [info] [app_context.cc:391] TryGetTrunkConfigPb failed
[2023-12-10 18:32:27.713] [global] [info] [app_context.cc:391] TryGetTrunkConfigPb failed
[2023-12-10 18:32:27.713] [global] [info] [app_context.cc:391] TryGetTrunkConfigPb failed
[2023-12-10 18:32:27.714] [global] [info] [app_context.cc:391] TryGetTrunkConfigPb failed
[2023-12-10 18:32:27.725] [global] [info] [app_context.cc:391] TryGetTrunkConfigPb failed
[2023-12-10 18:32:29.045] [global] [info] [app_context.cc:391] TryGetTrunkConfigPb failed
[2023-12-10 18:32:29.045] [global] [info] [app_context.cc:391] TryGetTrunkConfigPb failed
[2023-12-10 18:32:29.046] [global] [info] [app_context.cc:391] TryGetTrunkConfigPb failed
[2023-12-10 18:32:29.057] [global] [info] [app_context.cc:391] TryGetTrunkConfigPb failed
[2023-12-10 18:32:31.811] [global] [info] [app_context.cc:391] TryGetTrunkConfigPb failed
[2023-12-10 18:32:31.811] [global] [info] [app_context.cc:391] TryGetTrunkConfigPb failed
[2023-12-10 18:32:31.811] [global] [info] [app_context.cc:391] TryGetTrunkConfigPb failed
[2023-12-10 18:32:31.823] [global] [info] [app_context.cc:391] TryGetTrunkConfigPb failed
[2023-12-10 18:32:36.043] [global] [info] [app_context.cc:391] TryGetTrunkConfigPb failed
[2023-12-10 18:32:36.043] [global] [info] [app_context.cc:391] TryGetTrunkConfigPb failed
[2023-12-10 18:32:36.043] [global] [info] [app_context.cc:391] TryGetTrunkConfigPb failed
[2023-12-10 18:32:36.055] [global] [info] [app_context.cc:391] TryGetTrunkConfigPb failed
[2023-12-10 18:32:40.229] [global] [info] [app_context.cc:391] TryGetTrunkConfigPb failed
[2023-12-10 18:32:40.229] [global] [info] [app_context.cc:391] TryGetTrunkConfigPb failed
[2023-12-10 18:32:40.230] [global] [info] [app_context.cc:391] TryGetTrunkConfigPb failed
[2023-12-10 18:32:40.241] [global] [info] [app_context.cc:391] TryGetTrunkConfigPb failed
[2023-12-10 18:32:43.226] [global] [info] [app_context.cc:391] TryGetTrunkConfigPb failed
[2023-12-10 18:32:43.226] [global] [info] [app_context.cc:391] TryGetTrunkConfigPb failed
[2023-12-10 18:32:43.227] [global] [info] [app_context.cc:391] TryGetTrunkConfigPb failed
[2023-12-10 18:32:43.238] [global] [info] [app_context.cc:391] TryGetTrunkConfigPb failed
[2023-12-10 18:32:47.380] [global] [info] [app_context.cc:391] TryGetTrunkConfigPb failed
[2023-12-10 18:32:47.380] [global] [info] [app_context.cc:391] TryGetTrunkConfigPb failed
[2023-12-10 18:32:47.380] [global] [info] [app_context.cc:391] TryGetTrunkConfigPb failed
[2023-12-10 18:32:47.391] [global] [info] [app_context.cc:391] TryGetTrunkConfigPb failed
[2023-12-10 18:33:50.849] [global] [info] [app_context.cc:391] TryGetTrunkConfigPb failed
[2023-12-10 18:33:50.849] [global] [info] [app_context.cc:391] TryGetTrunkConfigPb failed
[2023-12-10 18:33:50.850] [global] [info] [app_context.cc:391] TryGetTrunkConfigPb failed
[2023-12-10 18:33:50.860] [global] [info] [app_context.cc:391] TryGetTrunkConfigPb failed
[2023-12-10 18:33:56.081] [global] [info] [app_context.cc:391] TryGetTrunkConfigPb failed
[2023-12-10 18:33:56.081] [global] [info] [app_context.cc:391] TryGetTrunkConfigPb failed
[2023-12-10 18:33:56.081] [global] [info] [app_context.cc:391] TryGetTrunkConfigPb failed
[2023-12-10 18:33:56.092] [global] [info] [app_context.cc:391] TryGetTrunkConfigPb failed
[2023-12-10 18:33:57.986] [global] [info] [app_context.cc:391] TryGetTrunkConfigPb failed
[2023-12-10 18:33:57.986] [global] [info] [app_context.cc:391] TryGetTrunkConfigPb failed
[2023-12-10 18:33:57.987] [global] [info] [app_context.cc:391] TryGetTrunkConfigPb failed
[2023-12-10 18:33:57.998] [global] [info] [app_context.cc:391] TryGetTrunkConfigPb failed
[2023-12-10 18:34:18.286] [global] [info] [app_context.cc:391] TryGetTrunkConfigPb failed
[2023-12-10 18:34:18.286] [global] [info] [app_context.cc:391] TryGetTrunkConfigPb failed
[2023-12-10 18:34:18.287] [global] [info] [app_context.cc:391] TryGetTrunkConfigPb failed
[2023-12-10 18:34:18.298] [global] [info] [app_context.cc:391] TryGetTrunkConfigPb failed
[2023-12-10 18:34:37.822] [global] [info] [app_context.cc:391] TryGetTrunkConfigPb failed
[2023-12-10 18:34:37.822] [global] [info] [app_context.cc:391] TryGetTrunkConfigPb failed
[2023-12-10 18:34:37.823] [global] [info] [app_context.cc:391] TryGetTrunkConfigPb failed
[2023-12-10 18:34:37.823] [global] [info] [app_context.cc:391] TryGetTrunkConfigPb failed
[2023-12-10 18:35:33.804] [global] [info] [app_context.cc:391] TryGetTrunkConfigPb failed
[2023-12-10 18:35:33.804] [global] [info] [app_context.cc:391] TryGetTrunkConfigPb failed
[2023-12-10 18:35:33.804] [global] [info] [app_context.cc:391] TryGetTrunkConfigPb failed
[2023-12-10 18:35:33.806] [global] [info] [app_context.cc:391] TryGetTrunkConfigPb failed
[2023-12-10 18:35:42.814] [global] [info] [app_context.cc:391] TryGetTrunkConfigPb failed
[2023-12-10 18:35:42.814] [global] [info] [app_context.cc:391] TryGetTrunkConfigPb failed
[2023-12-10 18:35:42.814] [global] [info] [app_context.cc:391] TryGetTrunkConfigPb failed
[2023-12-10 18:35:42.825] [global] [info] [app_context.cc:391] TryGetTrunkConfigPb failed
[2023-12-10 18:35:47.414] [global] [info] [app_context.cc:391] TryGetTrunkConfigPb failed
[2023-12-10 18:35:47.415] [global] [info] [app_context.cc:391] TryGetTrunkConfigPb failed
[2023-12-10 18:35:47.415] [global] [info] [app_context.cc:391] TryGetTrunkConfigPb failed
[2023-12-10 18:35:47.426] [global] [info] [app_context.cc:391] TryGetTrunkConfigPb failed
[2023-12-10 18:36:08.827] [global] [info] [app_context.cc:391] TryGetTrunkConfigPb failed
[2023-12-10 18:36:08.827] [global] [info] [app_context.cc:391] TryGetTrunkConfigPb failed
[2023-12-10 18:36:08.827] [global] [info] [app_context.cc:391] TryGetTrunkConfigPb failed
[2023-12-10 18:36:08.846] [global] [info] [app_context.cc:391] TryGetTrunkConfigPb failed
